#
# A fatal error has been detected by the Java Runtime Environment:
#
#  EXCEPTION_ACCESS_VIOLATION (0xc0000005) at pc=0x00007ffe8839f15d, pid=12680, tid=3532
#
# JRE version: Java(TM) SE Runtime Environment (11.0.6+8) (build 11.0.6+8-LTS)
# Java VM: Java HotSpot(TM) 64-Bit Server VM (11.0.6+8-LTS, mixed mode, tiered, compressed oops, g1 gc, windows-amd64)
# Problematic frame:
# V  [jvm.dll+0x65f15d]
#
# No core dump will be written. Minidumps are not enabled by default on client versions of Windows
#
# If you would like to submit a bug report, please visit:
#   http://bugreport.java.com/bugreport/crash.jsp
#

---------------  S U M M A R Y ------------

Command Line: -Dcom.sun.management.jmxremote -Dcom.sun.management.jmxremote.port=51331 -Dcom.sun.management.jmxremote.authenticate=false -Dcom.sun.management.jmxremote.ssl=false -Djava.rmi.server.hostname=localhost -Dspring.jmx.enabled=true -Dspring.application.admin.enabled=true -Xverify:none -XX:TieredStopAtLevel=1 -Dspring.boot.project.name=springboot-ionic-backend -Dfile.encoding=UTF-8 --add-modules=ALL-DEFAULT jdk.compiler/com.sun.tools.javac.launcher.Main src/main/java/com/java/JavaFullstackApplication.java

Host: AMD Ryzen 3 3200U with Radeon Vega Mobile Gfx  , 4 cores, 9G,  Windows 10 , 64 bit Build 18362 (10.0.18362.329)
Time: Tue Mar 17 20:47:00 2020 Hora oficial do Brasil elapsed time: 2 seconds (0d 0h 0m 2s)

---------------  T H R E A D  ---------------

Current thread (0x0000028b48c1d000):  VMThread "VM Thread" [stack: 0x000000cf70400000,0x000000cf70500000] [id=3532]

Stack: [0x000000cf70400000,0x000000cf70500000],  sp=0x000000cf704ff2c0,  free space=1020k
Native frames: (J=compiled Java code, j=interpreted, Vv=VM code, C=native code)
V  [jvm.dll+0x65f15d]
V  [jvm.dll+0x65f70a]
V  [jvm.dll+0x3732a9]
V  [jvm.dll+0x77d002]
V  [jvm.dll+0x77d60c]
V  [jvm.dll+0x77bad7]
V  [jvm.dll+0x77c300]
V  [jvm.dll+0x77c607]
V  [jvm.dll+0x733905]
V  [jvm.dll+0x635846]
C  [ucrtbase.dll+0x20e72]
C  [KERNEL32.DLL+0x17bd4]
C  [ntdll.dll+0x6ced1]


siginfo: EXCEPTION_ACCESS_VIOLATION (0xc0000005), reading address 0x000000040000000b


Register to memory mapping:

RIP=0x00007ffe8839f15d jvm.dll
RAX=0x0000000000000001 is an unknown value
RBX=0x0000000400000003 is an unknown value
RCX=0x0000028b274c0000 points into unknown readable memory: 00 00 00 00 00 00 00 00
RDX=0x0000028b274c0000 points into unknown readable memory: 00 00 00 00 00 00 00 00
RSP=0x000000cf704ff2c0 points into unknown readable memory: c7 00 00 00 00 00 00 00
RBP=0x0 is NULL
RSI=0x0000000000000003 is an unknown value
RDI=0x0000028b49aeb0c0 points into unknown readable memory: 03 00 00 00 04 00 00 00
R8 =0x0000028b273e12c0 points into unknown readable memory: c0 0c 3e 27 8b 02 00 00
R9 =0x0000000000000001 is an unknown value
R10=0x0000000000008000 is an unknown value
R11=0x000000cf704ff220 points into unknown readable memory: f8 b9 c1 48 8b 02 00 00
R12=0x00007ffe8857d5e8 jvm.dll
R13=0x000000cf6feff2c0 is pointing into the stack for thread: 0x0000028b2760d800
R14=0x0000028b48c1d000 points into unknown readable memory: 08 82 63 88 fe 7f 00 00
R15=0x0000028b48c1b9f8 points into unknown readable memory: 00 d0 c1 48 8b 02 00 00


Registers:
RAX=0x0000000000000001, RBX=0x0000000400000003, RCX=0x0000028b274c0000, RDX=0x0000028b274c0000
RSP=0x000000cf704ff2c0, RBP=0x0000000000000000, RSI=0x0000000000000003, RDI=0x0000028b49aeb0c0
R8 =0x0000028b273e12c0, R9 =0x0000000000000001, R10=0x0000000000008000, R11=0x000000cf704ff220
R12=0x00007ffe8857d5e8, R13=0x000000cf6feff2c0, R14=0x0000028b48c1d000, R15=0x0000028b48c1b9f8
RIP=0x00007ffe8839f15d, EFLAGS=0x0000000000010206

Top of Stack: (sp=0x000000cf704ff2c0)
0x000000cf704ff2c0:   00000000000000c7 00007ffe00000000
0x000000cf704ff2d0:   0000028b00000000 0000000000000000
0x000000cf704ff2e0:   000000000000000c 00007ffe8839f70a
0x000000cf704ff2f0:   0000028b48c1d000 000000000000001f
0x000000cf704ff300:   0000000000000003 000000cf704ff400
0x000000cf704ff310:   0000000000000000 00007ffe880b32a9
0x000000cf704ff320:   000000cf704ff3c0 0000000000000003
0x000000cf704ff330:   0000000000000000 0000000000000003
0x000000cf704ff340:   000000000000000c 00007ffe884bd002
0x000000cf704ff350:   0000028b48c1d000 0000000000000003
0x000000cf704ff360:   0000000000000003 0000000000000000
0x000000cf704ff370:   0000028b00000000 0000000000000000
0x000000cf704ff380:   0000000000000000 0000028b48c1d000
0x000000cf704ff390:   0000028b49f8e680 0000000000000100
0x000000cf704ff3a0:   0000000000000000 0000000000000000
0x000000cf704ff3b0:   0000028b48c1d000 0000028b0000000c 

Instructions: (pc=0x00007ffe8839f15d)
0x00007ffe8839f13d:   8b ce e8 bc a2 a5 ff 48 8b 3d 35 03 41 00 48 8b
0x00007ffe8839f14d:   74 24 40 48 85 ff 74 39 48 8b 1f 48 85 db 74 29
0x00007ffe8839f15d:   48 83 7b 08 01 75 1a 48 8b 53 18 89 2b 48 85 d2
0x00007ffe8839f16d:   74 0f 39 6b 04 48 8b cb e8 06 ea b8 ff 48 89 6b 


Stack slot to memory mapping:
stack at sp + 0 slots: 0x00000000000000c7 is an unknown value
stack at sp + 1 slots: 0x00007ffe00000000 is an unknown value
stack at sp + 2 slots: 0x0000028b00000000 is an unknown value
stack at sp + 3 slots: 0x0 is NULL
stack at sp + 4 slots: 0x000000000000000c is an unknown value
stack at sp + 5 slots: 0x00007ffe8839f70a jvm.dll
stack at sp + 6 slots: 0x0000028b48c1d000 points into unknown readable memory: 08 82 63 88 fe 7f 00 00
stack at sp + 7 slots: 0x000000000000001f is an unknown value

VM_Operation (0x000000cf6feff2c0): Exit, mode: safepoint, requested by thread 0x0000028b2760d800


---------------  P R O C E S S  ---------------

Threads class SMR info:
_java_thread_list=0x0000028b49f8e680, length=12, elements={
0x0000028b2760d800, 0x0000028b48c31000, 0x0000028b48c28800, 0x0000028b48c35800,
0x0000028b4948a800, 0x0000028b4948b800, 0x0000028b494a7800, 0x0000028b48bf5800,
0x0000028b4962d000, 0x0000028b49afb800, 0x0000028b49ae8800, 0x0000028b49b56800
}

Java Threads: ( => current thread )
  0x0000028b2760d800 JavaThread "main" [_thread_blocked, id=7688, stack(0x000000cf6fe00000,0x000000cf6ff00000)]
  0x0000028b48c31000 JavaThread "Reference Handler" daemon [_thread_blocked, id=4888, stack(0x000000cf70500000,0x000000cf70600000)]
  0x0000028b48c28800 JavaThread "Finalizer" daemon [_thread_blocked, id=12992, stack(0x000000cf70600000,0x000000cf70700000)]
  0x0000028b48c35800 JavaThread "Signal Dispatcher" daemon [_thread_blocked, id=12524, stack(0x000000cf70700000,0x000000cf70800000)]
  0x0000028b4948a800 JavaThread "Attach Listener" daemon [_thread_blocked, id=8348, stack(0x000000cf70800000,0x000000cf70900000)]
  0x0000028b4948b800 JavaThread "C1 CompilerThread0" daemon [_thread_blocked, id=8308, stack(0x000000cf70900000,0x000000cf70a00000)]
  0x0000028b494a7800 JavaThread "Sweeper thread" daemon [_thread_blocked, id=8536, stack(0x000000cf70a00000,0x000000cf70b00000)]
  0x0000028b48bf5800 JavaThread "Common-Cleaner" daemon [_thread_blocked, id=5708, stack(0x000000cf70b00000,0x000000cf70c00000)]
  0x0000028b4962d000 JavaThread "Service Thread" daemon [_thread_blocked, id=12740, stack(0x000000cf70c00000,0x000000cf70d00000)]
  0x0000028b49afb800 JavaThread "RMI TCP Accept-0" daemon [_thread_in_native, id=13032, stack(0x000000cf70d00000,0x000000cf70e00000)]
  0x0000028b49ae8800 JavaThread "RMI TCP Accept-51331" daemon [_thread_in_native, id=13100, stack(0x000000cf70e00000,0x000000cf70f00000)]
  0x0000028b49b56800 JavaThread "RMI TCP Accept-0" daemon [_thread_in_native, id=8732, stack(0x000000cf70f00000,0x000000cf71000000)]

Other Threads:
=>0x0000028b48c1d000 VMThread "VM Thread" [stack: 0x000000cf70400000,0x000000cf70500000] [id=3532]
  0x0000028b27624000 GCTaskThread "GC Thread#0" [stack: 0x000000cf6ff00000,0x000000cf70000000] [id=6368]
  0x0000028b49f2c000 GCTaskThread "GC Thread#1" [stack: 0x000000cf71100000,0x000000cf71200000] [id=1956]
  0x0000028b49f2c800 GCTaskThread "GC Thread#2" [stack: 0x000000cf71200000,0x000000cf71300000] [id=6556]
  0x0000028b2767e000 ConcurrentGCThread "G1 Main Marker" [stack: 0x000000cf70000000,0x000000cf70100000] [id=8548]
  0x0000028b27680000 ConcurrentGCThread "G1 Conc#0" [stack: 0x000000cf70100000,0x000000cf70200000] [id=12944]
  0x0000028b48a9f800 ConcurrentGCThread "G1 Refine#0" [stack: 0x000000cf70200000,0x000000cf70300000] [id=816]
  0x0000028b49f4f800 ConcurrentGCThread "G1 Refine#1" [stack: 0x000000cf71300000,0x000000cf71400000] [id=228]
  0x0000028b49f37000 ConcurrentGCThread "G1 Refine#2" [stack: 0x000000cf71400000,0x000000cf71500000] [id=12428]
  0x0000028b48aa0800 ConcurrentGCThread "G1 Young RemSet Sampling" [stack: 0x000000cf70300000,0x000000cf70400000] [id=13140]

Threads with active compile tasks:

VM state:at safepoint (shutting down)

VM Mutex/Monitor currently owned by a thread:  ([mutex/lock_event])
[0x0000028b2760ab10] Threads_lock - owner thread: 0x0000028b48c1d000

Heap address: 0x0000000761e00000, size: 2530 MB, Compressed Oops mode: Zero based, Oop shift amount: 3
Narrow klass base: 0x0000000800000000, Narrow klass shift: 0
Compressed class space size: 1073741824 Address: 0x0000000800000000

Heap:
 garbage-first heap   total 163840K, used 21672K [0x0000000761e00000, 0x0000000800000000)
  region size 1024K, 20 young (20480K), 2 survivors (2048K)
 Metaspace       used 17851K, capacity 18325K, committed 18560K, reserved 1064960K
  class space    used 1966K, capacity 2164K, committed 2176K, reserved 1048576K
Heap Regions: E=young(eden), S=young(survivor), O=old, HS=humongous(starts), HC=humongous(continues), CS=collection set, F=free, A=archive, TAMS=top-at-mark-start (previous, next)
|   0|0x0000000761e00000, 0x0000000761f00000, 0x0000000761f00000|100%| O|  |TAMS 0x0000000761e00000, 0x0000000761e00000| Untracked 
|   1|0x0000000761f00000, 0x0000000762000000, 0x0000000762000000|100%| O|  |TAMS 0x0000000761f00000, 0x0000000761f00000| Untracked 
|   2|0x0000000762000000, 0x000000076202a000, 0x0000000762100000| 16%| O|  |TAMS 0x0000000762000000, 0x0000000762000000| Untracked 
|   3|0x0000000762100000, 0x0000000762100000, 0x0000000762200000|  0%| F|  |TAMS 0x0000000762100000, 0x0000000762100000| Untracked 
|   4|0x0000000762200000, 0x0000000762200000, 0x0000000762300000|  0%| F|  |TAMS 0x0000000762200000, 0x0000000762200000| Untracked 
|   5|0x0000000762300000, 0x0000000762300000, 0x0000000762400000|  0%| F|  |TAMS 0x0000000762300000, 0x0000000762300000| Untracked 
|   6|0x0000000762400000, 0x0000000762400000, 0x0000000762500000|  0%| F|  |TAMS 0x0000000762400000, 0x0000000762400000| Untracked 
|   7|0x0000000762500000, 0x0000000762500000, 0x0000000762600000|  0%| F|  |TAMS 0x0000000762500000, 0x0000000762500000| Untracked 
|   8|0x0000000762600000, 0x0000000762600000, 0x0000000762700000|  0%| F|  |TAMS 0x0000000762600000, 0x0000000762600000| Untracked 
|   9|0x0000000762700000, 0x0000000762700000, 0x0000000762800000|  0%| F|  |TAMS 0x0000000762700000, 0x0000000762700000| Untracked 
|  10|0x0000000762800000, 0x0000000762800000, 0x0000000762900000|  0%| F|  |TAMS 0x0000000762800000, 0x0000000762800000| Untracked 
|  11|0x0000000762900000, 0x0000000762900000, 0x0000000762a00000|  0%| F|  |TAMS 0x0000000762900000, 0x0000000762900000| Untracked 
|  12|0x0000000762a00000, 0x0000000762a00000, 0x0000000762b00000|  0%| F|  |TAMS 0x0000000762a00000, 0x0000000762a00000| Untracked 
|  13|0x0000000762b00000, 0x0000000762b00000, 0x0000000762c00000|  0%| F|  |TAMS 0x0000000762b00000, 0x0000000762b00000| Untracked 
|  14|0x0000000762c00000, 0x0000000762c00000, 0x0000000762d00000|  0%| F|  |TAMS 0x0000000762c00000, 0x0000000762c00000| Untracked 
|  15|0x0000000762d00000, 0x0000000762d00000, 0x0000000762e00000|  0%| F|  |TAMS 0x0000000762d00000, 0x0000000762d00000| Untracked 
|  16|0x0000000762e00000, 0x0000000762e00000, 0x0000000762f00000|  0%| F|  |TAMS 0x0000000762e00000, 0x0000000762e00000| Untracked 
|  17|0x0000000762f00000, 0x0000000762f00000, 0x0000000763000000|  0%| F|  |TAMS 0x0000000762f00000, 0x0000000762f00000| Untracked 
|  18|0x0000000763000000, 0x0000000763000000, 0x0000000763100000|  0%| F|  |TAMS 0x0000000763000000, 0x0000000763000000| Untracked 
|  19|0x0000000763100000, 0x0000000763100000, 0x0000000763200000|  0%| F|  |TAMS 0x0000000763100000, 0x0000000763100000| Untracked 
|  20|0x0000000763200000, 0x0000000763200000, 0x0000000763300000|  0%| F|  |TAMS 0x0000000763200000, 0x0000000763200000| Untracked 
|  21|0x0000000763300000, 0x0000000763300000, 0x0000000763400000|  0%| F|  |TAMS 0x0000000763300000, 0x0000000763300000| Untracked 
|  22|0x0000000763400000, 0x0000000763400000, 0x0000000763500000|  0%| F|  |TAMS 0x0000000763400000, 0x0000000763400000| Untracked 
|  23|0x0000000763500000, 0x0000000763500000, 0x0000000763600000|  0%| F|  |TAMS 0x0000000763500000, 0x0000000763500000| Untracked 
|  24|0x0000000763600000, 0x0000000763600000, 0x0000000763700000|  0%| F|  |TAMS 0x0000000763600000, 0x0000000763600000| Untracked 
|  25|0x0000000763700000, 0x0000000763700000, 0x0000000763800000|  0%| F|  |TAMS 0x0000000763700000, 0x0000000763700000| Untracked 
|  26|0x0000000763800000, 0x0000000763800000, 0x0000000763900000|  0%| F|  |TAMS 0x0000000763800000, 0x0000000763800000| Untracked 
|  27|0x0000000763900000, 0x0000000763900000, 0x0000000763a00000|  0%| F|  |TAMS 0x0000000763900000, 0x0000000763900000| Untracked 
|  28|0x0000000763a00000, 0x0000000763a00000, 0x0000000763b00000|  0%| F|  |TAMS 0x0000000763a00000, 0x0000000763a00000| Untracked 
|  29|0x0000000763b00000, 0x0000000763b00000, 0x0000000763c00000|  0%| F|  |TAMS 0x0000000763b00000, 0x0000000763b00000| Untracked 
|  30|0x0000000763c00000, 0x0000000763c00000, 0x0000000763d00000|  0%| F|  |TAMS 0x0000000763c00000, 0x0000000763c00000| Untracked 
|  31|0x0000000763d00000, 0x0000000763d00000, 0x0000000763e00000|  0%| F|  |TAMS 0x0000000763d00000, 0x0000000763d00000| Untracked 
|  32|0x0000000763e00000, 0x0000000763e00000, 0x0000000763f00000|  0%| F|  |TAMS 0x0000000763e00000, 0x0000000763e00000| Untracked 
|  33|0x0000000763f00000, 0x0000000763f00000, 0x0000000764000000|  0%| F|  |TAMS 0x0000000763f00000, 0x0000000763f00000| Untracked 
|  34|0x0000000764000000, 0x0000000764000000, 0x0000000764100000|  0%| F|  |TAMS 0x0000000764000000, 0x0000000764000000| Untracked 
|  35|0x0000000764100000, 0x0000000764100000, 0x0000000764200000|  0%| F|  |TAMS 0x0000000764100000, 0x0000000764100000| Untracked 
|  36|0x0000000764200000, 0x0000000764200000, 0x0000000764300000|  0%| F|  |TAMS 0x0000000764200000, 0x0000000764200000| Untracked 
|  37|0x0000000764300000, 0x0000000764300000, 0x0000000764400000|  0%| F|  |TAMS 0x0000000764300000, 0x0000000764300000| Untracked 
|  38|0x0000000764400000, 0x0000000764400000, 0x0000000764500000|  0%| F|  |TAMS 0x0000000764400000, 0x0000000764400000| Untracked 
|  39|0x0000000764500000, 0x0000000764500000, 0x0000000764600000|  0%| F|  |TAMS 0x0000000764500000, 0x0000000764500000| Untracked 
|  40|0x0000000764600000, 0x0000000764600000, 0x0000000764700000|  0%| F|  |TAMS 0x0000000764600000, 0x0000000764600000| Untracked 
|  41|0x0000000764700000, 0x0000000764700000, 0x0000000764800000|  0%| F|  |TAMS 0x0000000764700000, 0x0000000764700000| Untracked 
|  42|0x0000000764800000, 0x0000000764800000, 0x0000000764900000|  0%| F|  |TAMS 0x0000000764800000, 0x0000000764800000| Untracked 
|  43|0x0000000764900000, 0x0000000764900000, 0x0000000764a00000|  0%| F|  |TAMS 0x0000000764900000, 0x0000000764900000| Untracked 
|  44|0x0000000764a00000, 0x0000000764a00000, 0x0000000764b00000|  0%| F|  |TAMS 0x0000000764a00000, 0x0000000764a00000| Untracked 
|  45|0x0000000764b00000, 0x0000000764b00000, 0x0000000764c00000|  0%| F|  |TAMS 0x0000000764b00000, 0x0000000764b00000| Untracked 
|  46|0x0000000764c00000, 0x0000000764c00000, 0x0000000764d00000|  0%| F|  |TAMS 0x0000000764c00000, 0x0000000764c00000| Untracked 
|  47|0x0000000764d00000, 0x0000000764d00000, 0x0000000764e00000|  0%| F|  |TAMS 0x0000000764d00000, 0x0000000764d00000| Untracked 
|  48|0x0000000764e00000, 0x0000000764e00000, 0x0000000764f00000|  0%| F|  |TAMS 0x0000000764e00000, 0x0000000764e00000| Untracked 
|  49|0x0000000764f00000, 0x0000000764f00000, 0x0000000765000000|  0%| F|  |TAMS 0x0000000764f00000, 0x0000000764f00000| Untracked 
|  50|0x0000000765000000, 0x0000000765000000, 0x0000000765100000|  0%| F|  |TAMS 0x0000000765000000, 0x0000000765000000| Untracked 
|  51|0x0000000765100000, 0x0000000765100000, 0x0000000765200000|  0%| F|  |TAMS 0x0000000765100000, 0x0000000765100000| Untracked 
|  52|0x0000000765200000, 0x0000000765200000, 0x0000000765300000|  0%| F|  |TAMS 0x0000000765200000, 0x0000000765200000| Untracked 
|  53|0x0000000765300000, 0x0000000765300000, 0x0000000765400000|  0%| F|  |TAMS 0x0000000765300000, 0x0000000765300000| Untracked 
|  54|0x0000000765400000, 0x0000000765400000, 0x0000000765500000|  0%| F|  |TAMS 0x0000000765400000, 0x0000000765400000| Untracked 
|  55|0x0000000765500000, 0x0000000765500000, 0x0000000765600000|  0%| F|  |TAMS 0x0000000765500000, 0x0000000765500000| Untracked 
|  56|0x0000000765600000, 0x0000000765600000, 0x0000000765700000|  0%| F|  |TAMS 0x0000000765600000, 0x0000000765600000| Untracked 
|  57|0x0000000765700000, 0x0000000765700000, 0x0000000765800000|  0%| F|  |TAMS 0x0000000765700000, 0x0000000765700000| Untracked 
|  58|0x0000000765800000, 0x0000000765800000, 0x0000000765900000|  0%| F|  |TAMS 0x0000000765800000, 0x0000000765800000| Untracked 
|  59|0x0000000765900000, 0x0000000765900000, 0x0000000765a00000|  0%| F|  |TAMS 0x0000000765900000, 0x0000000765900000| Untracked 
|  60|0x0000000765a00000, 0x0000000765a00000, 0x0000000765b00000|  0%| F|  |TAMS 0x0000000765a00000, 0x0000000765a00000| Untracked 
|  61|0x0000000765b00000, 0x0000000765b00000, 0x0000000765c00000|  0%| F|  |TAMS 0x0000000765b00000, 0x0000000765b00000| Untracked 
|  62|0x0000000765c00000, 0x0000000765c00000, 0x0000000765d00000|  0%| F|  |TAMS 0x0000000765c00000, 0x0000000765c00000| Untracked 
|  63|0x0000000765d00000, 0x0000000765d00000, 0x0000000765e00000|  0%| F|  |TAMS 0x0000000765d00000, 0x0000000765d00000| Untracked 
|  64|0x0000000765e00000, 0x0000000765e00000, 0x0000000765f00000|  0%| F|  |TAMS 0x0000000765e00000, 0x0000000765e00000| Untracked 
|  65|0x0000000765f00000, 0x0000000765f00000, 0x0000000766000000|  0%| F|  |TAMS 0x0000000765f00000, 0x0000000765f00000| Untracked 
|  66|0x0000000766000000, 0x0000000766000000, 0x0000000766100000|  0%| F|  |TAMS 0x0000000766000000, 0x0000000766000000| Untracked 
|  67|0x0000000766100000, 0x0000000766100000, 0x0000000766200000|  0%| F|  |TAMS 0x0000000766100000, 0x0000000766100000| Untracked 
|  68|0x0000000766200000, 0x0000000766200000, 0x0000000766300000|  0%| F|  |TAMS 0x0000000766200000, 0x0000000766200000| Untracked 
|  69|0x0000000766300000, 0x0000000766300000, 0x0000000766400000|  0%| F|  |TAMS 0x0000000766300000, 0x0000000766300000| Untracked 
|  70|0x0000000766400000, 0x0000000766400000, 0x0000000766500000|  0%| F|  |TAMS 0x0000000766400000, 0x0000000766400000| Untracked 
|  71|0x0000000766500000, 0x0000000766500000, 0x0000000766600000|  0%| F|  |TAMS 0x0000000766500000, 0x0000000766500000| Untracked 
|  72|0x0000000766600000, 0x0000000766600000, 0x0000000766700000|  0%| F|  |TAMS 0x0000000766600000, 0x0000000766600000| Untracked 
|  73|0x0000000766700000, 0x0000000766700000, 0x0000000766800000|  0%| F|  |TAMS 0x0000000766700000, 0x0000000766700000| Untracked 
|  74|0x0000000766800000, 0x0000000766800000, 0x0000000766900000|  0%| F|  |TAMS 0x0000000766800000, 0x0000000766800000| Untracked 
|  75|0x0000000766900000, 0x0000000766900000, 0x0000000766a00000|  0%| F|  |TAMS 0x0000000766900000, 0x0000000766900000| Untracked 
|  76|0x0000000766a00000, 0x0000000766a00000, 0x0000000766b00000|  0%| F|  |TAMS 0x0000000766a00000, 0x0000000766a00000| Untracked 
|  77|0x0000000766b00000, 0x0000000766b00000, 0x0000000766c00000|  0%| F|  |TAMS 0x0000000766b00000, 0x0000000766b00000| Untracked 
|  78|0x0000000766c00000, 0x0000000766c00000, 0x0000000766d00000|  0%| F|  |TAMS 0x0000000766c00000, 0x0000000766c00000| Untracked 
|  79|0x0000000766d00000, 0x0000000766d00000, 0x0000000766e00000|  0%| F|  |TAMS 0x0000000766d00000, 0x0000000766d00000| Untracked 
|  80|0x0000000766e00000, 0x0000000766e00000, 0x0000000766f00000|  0%| F|  |TAMS 0x0000000766e00000, 0x0000000766e00000| Untracked 
|  81|0x0000000766f00000, 0x0000000766f00000, 0x0000000767000000|  0%| F|  |TAMS 0x0000000766f00000, 0x0000000766f00000| Untracked 
|  82|0x0000000767000000, 0x0000000767000000, 0x0000000767100000|  0%| F|  |TAMS 0x0000000767000000, 0x0000000767000000| Untracked 
|  83|0x0000000767100000, 0x0000000767100000, 0x0000000767200000|  0%| F|  |TAMS 0x0000000767100000, 0x0000000767100000| Untracked 
|  84|0x0000000767200000, 0x0000000767200000, 0x0000000767300000|  0%| F|  |TAMS 0x0000000767200000, 0x0000000767200000| Untracked 
|  85|0x0000000767300000, 0x0000000767300000, 0x0000000767400000|  0%| F|  |TAMS 0x0000000767300000, 0x0000000767300000| Untracked 
|  86|0x0000000767400000, 0x0000000767400000, 0x0000000767500000|  0%| F|  |TAMS 0x0000000767400000, 0x0000000767400000| Untracked 
|  87|0x0000000767500000, 0x0000000767500000, 0x0000000767600000|  0%| F|  |TAMS 0x0000000767500000, 0x0000000767500000| Untracked 
|  88|0x0000000767600000, 0x0000000767600000, 0x0000000767700000|  0%| F|  |TAMS 0x0000000767600000, 0x0000000767600000| Untracked 
|  89|0x0000000767700000, 0x0000000767700000, 0x0000000767800000|  0%| F|  |TAMS 0x0000000767700000, 0x0000000767700000| Untracked 
|  90|0x0000000767800000, 0x0000000767800000, 0x0000000767900000|  0%| F|  |TAMS 0x0000000767800000, 0x0000000767800000| Untracked 
|  91|0x0000000767900000, 0x0000000767900000, 0x0000000767a00000|  0%| F|  |TAMS 0x0000000767900000, 0x0000000767900000| Untracked 
|  92|0x0000000767a00000, 0x0000000767a00000, 0x0000000767b00000|  0%| F|  |TAMS 0x0000000767a00000, 0x0000000767a00000| Untracked 
|  93|0x0000000767b00000, 0x0000000767b00000, 0x0000000767c00000|  0%| F|  |TAMS 0x0000000767b00000, 0x0000000767b00000| Untracked 
|  94|0x0000000767c00000, 0x0000000767c00000, 0x0000000767d00000|  0%| F|  |TAMS 0x0000000767c00000, 0x0000000767c00000| Untracked 
|  95|0x0000000767d00000, 0x0000000767d00000, 0x0000000767e00000|  0%| F|  |TAMS 0x0000000767d00000, 0x0000000767d00000| Untracked 
|  96|0x0000000767e00000, 0x0000000767e00000, 0x0000000767f00000|  0%| F|  |TAMS 0x0000000767e00000, 0x0000000767e00000| Untracked 
|  97|0x0000000767f00000, 0x0000000767f00000, 0x0000000768000000|  0%| F|  |TAMS 0x0000000767f00000, 0x0000000767f00000| Untracked 
|  98|0x0000000768000000, 0x0000000768000000, 0x0000000768100000|  0%| F|  |TAMS 0x0000000768000000, 0x0000000768000000| Untracked 
|  99|0x0000000768100000, 0x0000000768100000, 0x0000000768200000|  0%| F|  |TAMS 0x0000000768100000, 0x0000000768100000| Untracked 
| 100|0x0000000768200000, 0x0000000768200000, 0x0000000768300000|  0%| F|  |TAMS 0x0000000768200000, 0x0000000768200000| Untracked 
| 101|0x0000000768300000, 0x0000000768300000, 0x0000000768400000|  0%| F|  |TAMS 0x0000000768300000, 0x0000000768300000| Untracked 
| 102|0x0000000768400000, 0x0000000768400000, 0x0000000768500000|  0%| F|  |TAMS 0x0000000768400000, 0x0000000768400000| Untracked 
| 103|0x0000000768500000, 0x0000000768500000, 0x0000000768600000|  0%| F|  |TAMS 0x0000000768500000, 0x0000000768500000| Untracked 
| 104|0x0000000768600000, 0x0000000768600000, 0x0000000768700000|  0%| F|  |TAMS 0x0000000768600000, 0x0000000768600000| Untracked 
| 105|0x0000000768700000, 0x0000000768700000, 0x0000000768800000|  0%| F|  |TAMS 0x0000000768700000, 0x0000000768700000| Untracked 
| 106|0x0000000768800000, 0x0000000768800000, 0x0000000768900000|  0%| F|  |TAMS 0x0000000768800000, 0x0000000768800000| Untracked 
| 107|0x0000000768900000, 0x0000000768900000, 0x0000000768a00000|  0%| F|  |TAMS 0x0000000768900000, 0x0000000768900000| Untracked 
| 108|0x0000000768a00000, 0x0000000768a00000, 0x0000000768b00000|  0%| F|  |TAMS 0x0000000768a00000, 0x0000000768a00000| Untracked 
| 109|0x0000000768b00000, 0x0000000768b00000, 0x0000000768c00000|  0%| F|  |TAMS 0x0000000768b00000, 0x0000000768b00000| Untracked 
| 110|0x0000000768c00000, 0x0000000768c00000, 0x0000000768d00000|  0%| F|  |TAMS 0x0000000768c00000, 0x0000000768c00000| Untracked 
| 111|0x0000000768d00000, 0x0000000768d00000, 0x0000000768e00000|  0%| F|  |TAMS 0x0000000768d00000, 0x0000000768d00000| Untracked 
| 112|0x0000000768e00000, 0x0000000768e00000, 0x0000000768f00000|  0%| F|  |TAMS 0x0000000768e00000, 0x0000000768e00000| Untracked 
| 113|0x0000000768f00000, 0x0000000768f00000, 0x0000000769000000|  0%| F|  |TAMS 0x0000000768f00000, 0x0000000768f00000| Untracked 
| 114|0x0000000769000000, 0x0000000769000000, 0x0000000769100000|  0%| F|  |TAMS 0x0000000769000000, 0x0000000769000000| Untracked 
| 115|0x0000000769100000, 0x0000000769100000, 0x0000000769200000|  0%| F|  |TAMS 0x0000000769100000, 0x0000000769100000| Untracked 
| 116|0x0000000769200000, 0x0000000769200000, 0x0000000769300000|  0%| F|  |TAMS 0x0000000769200000, 0x0000000769200000| Untracked 
| 117|0x0000000769300000, 0x0000000769300000, 0x0000000769400000|  0%| F|  |TAMS 0x0000000769300000, 0x0000000769300000| Untracked 
| 118|0x0000000769400000, 0x0000000769400000, 0x0000000769500000|  0%| F|  |TAMS 0x0000000769400000, 0x0000000769400000| Untracked 
| 119|0x0000000769500000, 0x0000000769500000, 0x0000000769600000|  0%| F|  |TAMS 0x0000000769500000, 0x0000000769500000| Untracked 
| 120|0x0000000769600000, 0x0000000769600000, 0x0000000769700000|  0%| F|  |TAMS 0x0000000769600000, 0x0000000769600000| Untracked 
| 121|0x0000000769700000, 0x0000000769700000, 0x0000000769800000|  0%| F|  |TAMS 0x0000000769700000, 0x0000000769700000| Untracked 
| 122|0x0000000769800000, 0x0000000769800000, 0x0000000769900000|  0%| F|  |TAMS 0x0000000769800000, 0x0000000769800000| Untracked 
| 123|0x0000000769900000, 0x0000000769900000, 0x0000000769a00000|  0%| F|  |TAMS 0x0000000769900000, 0x0000000769900000| Untracked 
| 124|0x0000000769a00000, 0x0000000769a00000, 0x0000000769b00000|  0%| F|  |TAMS 0x0000000769a00000, 0x0000000769a00000| Untracked 
| 125|0x0000000769b00000, 0x0000000769b00000, 0x0000000769c00000|  0%| F|  |TAMS 0x0000000769b00000, 0x0000000769b00000| Untracked 
| 126|0x0000000769c00000, 0x0000000769c00000, 0x0000000769d00000|  0%| F|  |TAMS 0x0000000769c00000, 0x0000000769c00000| Untracked 
| 127|0x0000000769d00000, 0x0000000769d00000, 0x0000000769e00000|  0%| F|  |TAMS 0x0000000769d00000, 0x0000000769d00000| Untracked 
| 128|0x0000000769e00000, 0x0000000769e00000, 0x0000000769f00000|  0%| F|  |TAMS 0x0000000769e00000, 0x0000000769e00000| Untracked 
| 129|0x0000000769f00000, 0x0000000769f00000, 0x000000076a000000|  0%| F|  |TAMS 0x0000000769f00000, 0x0000000769f00000| Untracked 
| 130|0x000000076a000000, 0x000000076a000000, 0x000000076a100000|  0%| F|  |TAMS 0x000000076a000000, 0x000000076a000000| Untracked 
| 131|0x000000076a100000, 0x000000076a100000, 0x000000076a200000|  0%| F|  |TAMS 0x000000076a100000, 0x000000076a100000| Untracked 
| 132|0x000000076a200000, 0x000000076a200000, 0x000000076a300000|  0%| F|  |TAMS 0x000000076a200000, 0x000000076a200000| Untracked 
| 133|0x000000076a300000, 0x000000076a300000, 0x000000076a400000|  0%| F|  |TAMS 0x000000076a300000, 0x000000076a300000| Untracked 
| 134|0x000000076a400000, 0x000000076a400000, 0x000000076a500000|  0%| F|  |TAMS 0x000000076a400000, 0x000000076a400000| Untracked 
| 135|0x000000076a500000, 0x000000076a500000, 0x000000076a600000|  0%| F|  |TAMS 0x000000076a500000, 0x000000076a500000| Untracked 
| 136|0x000000076a600000, 0x000000076a600000, 0x000000076a700000|  0%| F|  |TAMS 0x000000076a600000, 0x000000076a600000| Untracked 
| 137|0x000000076a700000, 0x000000076a700000, 0x000000076a800000|  0%| F|  |TAMS 0x000000076a700000, 0x000000076a700000| Untracked 
| 138|0x000000076a800000, 0x000000076a800000, 0x000000076a900000|  0%| F|  |TAMS 0x000000076a800000, 0x000000076a800000| Untracked 
| 139|0x000000076a900000, 0x000000076a900000, 0x000000076aa00000|  0%| F|  |TAMS 0x000000076a900000, 0x000000076a900000| Untracked 
| 140|0x000000076aa00000, 0x000000076aaefdf8, 0x000000076ab00000| 93%| E|  |TAMS 0x000000076aa00000, 0x000000076aa00000| Complete 
| 141|0x000000076ab00000, 0x000000076ac00000, 0x000000076ac00000|100%| E|CS|TAMS 0x000000076ab00000, 0x000000076ab00000| Complete 
| 142|0x000000076ac00000, 0x000000076ad00000, 0x000000076ad00000|100%| E|CS|TAMS 0x000000076ac00000, 0x000000076ac00000| Complete 
| 143|0x000000076ad00000, 0x000000076ae00000, 0x000000076ae00000|100%| E|CS|TAMS 0x000000076ad00000, 0x000000076ad00000| Complete 
| 144|0x000000076ae00000, 0x000000076af00000, 0x000000076af00000|100%| S|CS|TAMS 0x000000076ae00000, 0x000000076ae00000| Complete 
| 145|0x000000076af00000, 0x000000076b000000, 0x000000076b000000|100%| S|CS|TAMS 0x000000076af00000, 0x000000076af00000| Complete 
| 146|0x000000076b000000, 0x000000076b100000, 0x000000076b100000|100%| E|CS|TAMS 0x000000076b000000, 0x000000076b000000| Complete 
| 147|0x000000076b100000, 0x000000076b200000, 0x000000076b200000|100%| E|CS|TAMS 0x000000076b100000, 0x000000076b100000| Complete 
| 148|0x000000076b200000, 0x000000076b300000, 0x000000076b300000|100%| E|CS|TAMS 0x000000076b200000, 0x000000076b200000| Complete 
| 149|0x000000076b300000, 0x000000076b400000, 0x000000076b400000|100%| E|CS|TAMS 0x000000076b300000, 0x000000076b300000| Complete 
| 150|0x000000076b400000, 0x000000076b500000, 0x000000076b500000|100%| E|CS|TAMS 0x000000076b400000, 0x000000076b400000| Complete 
| 151|0x000000076b500000, 0x000000076b600000, 0x000000076b600000|100%| E|CS|TAMS 0x000000076b500000, 0x000000076b500000| Complete 
| 152|0x000000076b600000, 0x000000076b700000, 0x000000076b700000|100%| E|CS|TAMS 0x000000076b600000, 0x000000076b600000| Complete 
| 153|0x000000076b700000, 0x000000076b800000, 0x000000076b800000|100%| E|CS|TAMS 0x000000076b700000, 0x000000076b700000| Complete 
| 154|0x000000076b800000, 0x000000076b900000, 0x000000076b900000|100%| E|CS|TAMS 0x000000076b800000, 0x000000076b800000| Complete 
| 155|0x000000076b900000, 0x000000076ba00000, 0x000000076ba00000|100%| E|CS|TAMS 0x000000076b900000, 0x000000076b900000| Complete 
| 156|0x000000076ba00000, 0x000000076bb00000, 0x000000076bb00000|100%| E|CS|TAMS 0x000000076ba00000, 0x000000076ba00000| Complete 
| 157|0x000000076bb00000, 0x000000076bc00000, 0x000000076bc00000|100%| E|CS|TAMS 0x000000076bb00000, 0x000000076bb00000| Complete 
| 158|0x000000076bc00000, 0x000000076bd00000, 0x000000076bd00000|100%| E|CS|TAMS 0x000000076bc00000, 0x000000076bc00000| Complete 
| 159|0x000000076bd00000, 0x000000076be00000, 0x000000076be00000|100%| E|CS|TAMS 0x000000076bd00000, 0x000000076bd00000| Complete 

Card table byte_map: [0x0000028b40c80000,0x0000028b41180000] _byte_map_base: 0x0000028b3d171000

Marking Bits (Prev, Next): (CMBitMap*) 0x0000028b27673518, (CMBitMap*) 0x0000028b27673550
 Prev Bits: [0x0000028b41680000, 0x0000028b43e08000)
 Next Bits: [0x0000028b43e10000, 0x0000028b46598000)

Polling page: 0x0000028b27440000

Metaspace:

Usage:
  Non-class:     15.78 MB capacity,    15.51 MB ( 98%) used,   225.34 KB (  1%) free+waste,    51.19 KB ( <1%) overhead. 
      Class:      2.11 MB capacity,     1.92 MB ( 91%) used,   171.93 KB (  8%) free+waste,    25.31 KB (  1%) overhead. 
       Both:     17.90 MB capacity,    17.43 MB ( 97%) used,   397.27 KB (  2%) free+waste,    76.50 KB ( <1%) overhead. 

Virtual space:
  Non-class space:       16.00 MB reserved,      16.00 MB (100%) committed 
      Class space:        1.00 GB reserved,       2.13 MB ( <1%) committed 
             Both:        1.02 GB reserved,      18.13 MB (  2%) committed 

Chunk freelists:
   Non-Class:  3.88 KB
       Class:  1.50 KB
        Both:  5.38 KB

CodeHeap 'non-profiled nmethods': size=238912Kb used=2423Kb max_used=2423Kb free=236488Kb
 bounds [0x0000028b317f0000, 0x0000028b31a60000, 0x0000028b40140000]
CodeHeap 'non-nmethods': size=6848Kb used=1118Kb max_used=1118Kb free=5729Kb
 bounds [0x0000028b31140000, 0x0000028b313b0000, 0x0000028b317f0000]
 total_blobs=2068 nmethods=1630 adapters=348
 compilation: enabled
              stopped_count=0, restarted_count=0
 full_count=0

Compilation events (10 events):
Event: 1.784 Thread 0x0000028b4948b800 1617       1       com.sun.tools.javac.code.Type$JCPrimitiveType::getTag (5 bytes)
Event: 1.784 Thread 0x0000028b4948b800 nmethod 1617 0x0000028b31a4cb10 code [0x0000028b31a4ccc0, 0x0000028b31a4cdd8]
Event: 1.784 Thread 0x0000028b4948b800 1613       1       com.sun.tools.javac.code.Type::isPrimitive (2 bytes)
Event: 1.784 Thread 0x0000028b4948b800 nmethod 1613 0x0000028b31a4ce90 code [0x0000028b31a4d040, 0x0000028b31a4d158]
Event: 1.785 Thread 0x0000028b4948b800 1628       1       java.nio.CharBuffer::arrayOffset (35 bytes)
Event: 1.786 Thread 0x0000028b4948b800 nmethod 1628 0x0000028b31a4d210 code [0x0000028b31a4d3e0, 0x0000028b31a4d5e0]
Event: 1.786 Thread 0x0000028b4948b800 1629       1       com.sun.tools.javac.jvm.ClassReader$2::read (55 bytes)
Event: 1.786 Thread 0x0000028b4948b800 nmethod 1629 0x0000028b31a4d710 code [0x0000028b31a4d8e0, 0x0000028b31a4db10]
Event: 1.786 Thread 0x0000028b4948b800 1630       1       com.sun.tools.javac.code.Type::getMetadata (5 bytes)
Event: 1.786 Thread 0x0000028b4948b800 nmethod 1630 0x0000028b31a4dc10 code [0x0000028b31a4ddc0, 0x0000028b31a4ded8]

GC Heap History (2 events):
Event: 1.594 GC heap before
{Heap before GC invocations=0 (full 0):
 garbage-first heap   total 163840K, used 14336K [0x0000000761e00000, 0x0000000800000000)
  region size 1024K, 14 young (14336K), 0 survivors (0K)
 Metaspace       used 16860K, capacity 17392K, committed 17664K, reserved 1064960K
  class space    used 1820K, capacity 2024K, committed 2048K, reserved 1048576K
}
Event: 1.601 GC heap after
{Heap after GC invocations=1 (full 0):
 garbage-first heap   total 163840K, used 4264K [0x0000000761e00000, 0x0000000800000000)
  region size 1024K, 2 young (2048K), 2 survivors (2048K)
 Metaspace       used 16860K, capacity 17392K, committed 17664K, reserved 1064960K
  class space    used 1820K, capacity 2024K, committed 2048K, reserved 1048576K
}

Deoptimization events (0 events):
No events

Classes redefined (0 events):
No events

Internal exceptions (10 events):
Event: 1.359 Thread 0x0000028b2760d800 Exception <a 'java/lang/NoSuchMethodError'{0x000000076b6a2148}: java.lang.invoke.DirectMethodHandle$Holder.invokeStatic(Ljava/lang/Object;Ljava/lang/Object;Ljava/lang/Object;Ljava/lang/Object;Ljava/lang/Object;Ljava/lang/Object;Ljava/lang/Object;Ljava/lan
Event: 1.360 Thread 0x0000028b2760d800 Exception <a 'java/lang/NoSuchMethodError'{0x000000076b6bbc20}: java.lang.invoke.DelegatingMethodHandle$Holder.reinvoke_L(Ljava/lang/Object;ILjava/lang/Object;)Ljava/lang/Object;> (0x000000076b6bbc20) thrown at [t:/workspace/open/src/hotspot/share/interpr
Event: 1.427 Thread 0x0000028b2760d800 Exception <a 'java/lang/NoSuchMethodError'{0x000000076b5d7be0}: java.lang.invoke.DirectMethodHandle$Holder.invokeVirtual(Ljava/lang/Object;Ljava/lang/Object;Ljava/lang/Object;)I> (0x000000076b5d7be0) thrown at [t:/workspace/open/src/hotspot/share/interpre
Event: 1.458 Thread 0x0000028b2760d800 Exception <a 'java/lang/NoSuchMethodError'{0x000000076b48fc48}: java.lang.invoke.DirectMethodHandle$Holder.invokeStaticInit(Ljava/lang/Object;Ljava/lang/Object;)I> (0x000000076b48fc48) thrown at [t:/workspace/open/src/hotspot/share/interpreter/linkResolve
Event: 1.492 Thread 0x0000028b2760d800 Exception <a 'java/lang/NoSuchMethodError'{0x000000076b34dcb8}: java.lang.invoke.DirectMethodHandle$Holder.invokeVirtual(Ljava/lang/Object;Ljava/lang/Object;)I> (0x000000076b34dcb8) thrown at [t:/workspace/open/src/hotspot/share/interpreter/linkResolver.c
Event: 1.496 Thread 0x0000028b2760d800 Exception <a 'java/lang/NoSuchMethodError'{0x000000076b380eb8}: java.lang.invoke.Invokers$Holder.linkToTargetMethod(Ljava/lang/Object;Ljava/lang/Object;Ljava/lang/Object;Ljava/lang/Object;Ljava/lang/Object;Ljava/lang/Object;)Ljava/lang/Object;> (0x0000000
Event: 1.560 Thread 0x0000028b2760d800 Exception <a 'java/lang/NoSuchMethodError'{0x000000076b116600}: java.lang.invoke.DirectMethodHandle$Holder.invokeSpecial(Ljava/lang/Object;Ljava/lang/Object;Ljava/lang/Object;Ljava/lang/Object;)I> (0x000000076b116600) thrown at [t:/workspace/open/src/hots
Event: 1.584 Thread 0x0000028b2760d800 Exception <a 'java/lang/NoSuchMethodError'{0x000000076b014c48}: java.lang.invoke.DirectMethodHandle$Holder.invokeSpecial(Ljava/lang/Object;Ljava/lang/Object;Ljava/lang/Object;Ljava/lang/Object;Ljava/lang/Object;Ljava/lang/Object;)V> (0x000000076b014c48) t
Event: 1.610 Thread 0x0000028b2760d800 Exception <a 'java/lang/NoSuchMethodError'{0x000000076bc80060}: java.lang.invoke.DirectMethodHandle$Holder.invokeSpecial(Ljava/lang/Object;Ljava/lang/Object;Ljava/lang/Object;Ljava/lang/Object;Ljava/lang/Object;)I> (0x000000076bc80060) thrown at [t:/works
Event: 1.745 Thread 0x0000028b2760d800 Exception <a 'java/lang/NoSuchMethodError'{0x000000076b0b4398}: java.lang.invoke.DirectMethodHandle$Holder.invokeSpecial(Ljava/lang/Object;Ljava/lang/Object;Ljava/lang/Object;Ljava/lang/Object;Ljava/lang/Object;)V> (0x000000076b0b4398) thrown at [t:/works

Events (10 events):
Event: 1.787 loading class java/util/EnumMap$ValueIterator done
Event: 1.788 loading class com/sun/tools/javac/resources/spi/launcherProvider
Event: 1.788 loading class com/sun/tools/javac/resources/spi/launcherProvider done
Event: 1.788 loading class java/util/IdentityHashMap$KeyIterator
Event: 1.789 loading class java/util/IdentityHashMap$IdentityHashMapIterator
Event: 1.789 loading class java/util/IdentityHashMap$IdentityHashMapIterator done
Event: 1.789 loading class java/util/IdentityHashMap$KeyIterator done
Event: 1.789 Thread 0x0000028b49fa3000 Thread added: 0x0000028b49fa3000
Event: 1.789 Thread 0x0000028b49fa3000 Thread exited: 0x0000028b49fa3000
Event: 1.790 Executing VM operation: Exit


Dynamic libraries:
0x00007ff7dff70000 - 0x00007ff7dffb7000 	C:\Program Files\Java\jdk-11.0.6\bin\javaw.exe
0x00007ffedf980000 - 0x00007ffedfb70000 	C:\Windows\SYSTEM32\ntdll.dll
0x00007ffede530000 - 0x00007ffede5e2000 	C:\Windows\System32\KERNEL32.DLL
0x00007ffedcbe0000 - 0x00007ffedce83000 	C:\Windows\System32\KERNELBASE.dll
0x00007ffedde50000 - 0x00007ffeddef3000 	C:\Windows\System32\ADVAPI32.dll
0x00007ffedda30000 - 0x00007ffeddace000 	C:\Windows\System32\msvcrt.dll
0x00007ffedf560000 - 0x00007ffedf5f7000 	C:\Windows\System32\sechost.dll
0x00007ffeddd20000 - 0x00007ffedde40000 	C:\Windows\System32\RPCRT4.dll
0x00007ffeddf10000 - 0x00007ffede0a4000 	C:\Windows\System32\USER32.dll
0x00007ffedcfd0000 - 0x00007ffedcff1000 	C:\Windows\System32\win32u.dll
0x00007ffede7d0000 - 0x00007ffede7f6000 	C:\Windows\System32\GDI32.dll
0x00007ffedd890000 - 0x00007ffedda24000 	C:\Windows\System32\gdi32full.dll
0x00007ffedce90000 - 0x00007ffedcf2e000 	C:\Windows\System32\msvcp_win.dll
0x00007ffedcae0000 - 0x00007ffedcbda000 	C:\Windows\System32\ucrtbase.dll
0x00007ffec7d80000 - 0x00007ffec8005000 	C:\Windows\WinSxS\amd64_microsoft.windows.common-controls_6595b64144ccf1df_6.0.18362.720_none_e6beb5c51314836b\COMCTL32.dll
0x00007ffede140000 - 0x00007ffede476000 	C:\Windows\System32\combase.dll
0x00007ffed4db0000 - 0x00007ffed4dba000 	C:\Windows\SYSTEM32\VERSION.dll
0x00007ffedca60000 - 0x00007ffedcae0000 	C:\Windows\System32\bcryptPrimitives.dll
0x00007ffedf660000 - 0x00007ffedf68e000 	C:\Windows\System32\IMM32.DLL
0x00007ffed0e60000 - 0x00007ffed0e76000 	C:\Program Files\Java\jdk-11.0.6\bin\vcruntime140.dll
0x00007ffecd770000 - 0x00007ffecd81a000 	C:\Program Files\Java\jdk-11.0.6\bin\msvcp140.dll
0x00007ffe87d40000 - 0x00007ffe88869000 	C:\Program Files\Java\jdk-11.0.6\bin\server\jvm.dll
0x00007ffede5f0000 - 0x00007ffede5f8000 	C:\Windows\System32\PSAPI.DLL
0x00007ffeda020000 - 0x00007ffeda044000 	C:\Windows\SYSTEM32\WINMM.dll
0x00007ffed6580000 - 0x00007ffed6589000 	C:\Windows\SYSTEM32\WSOCK32.dll
0x00007ffede600000 - 0x00007ffede66f000 	C:\Windows\System32\WS2_32.dll
0x00007ffed9ff0000 - 0x00007ffeda01d000 	C:\Windows\SYSTEM32\WINMMBASE.dll
0x00007ffedcf30000 - 0x00007ffedcf7a000 	C:\Windows\System32\cfgmgr32.dll
0x00007ffedc8a0000 - 0x00007ffedc8b1000 	C:\Windows\System32\kernel.appcore.dll
0x00007ffecb370000 - 0x00007ffecb381000 	C:\Program Files\Java\jdk-11.0.6\bin\verify.dll
0x00007ffedb560000 - 0x00007ffedb754000 	C:\Windows\SYSTEM32\DBGHELP.DLL
0x00007ffecf290000 - 0x00007ffecf2ba000 	C:\Windows\SYSTEM32\dbgcore.DLL
0x00007ffec6460000 - 0x00007ffec6489000 	C:\Program Files\Java\jdk-11.0.6\bin\java.dll
0x00007ffec6440000 - 0x00007ffec6456000 	C:\Program Files\Java\jdk-11.0.6\bin\zip.dll
0x00007ffed6450000 - 0x00007ffed645a000 	C:\Program Files\Java\jdk-11.0.6\bin\jimage.dll
0x00007ffede8d0000 - 0x00007ffedefb5000 	C:\Windows\System32\SHELL32.dll
0x00007ffeddad0000 - 0x00007ffeddb79000 	C:\Windows\System32\shcore.dll
0x00007ffedd110000 - 0x00007ffedd890000 	C:\Windows\System32\windows.storage.dll
0x00007ffedc870000 - 0x00007ffedc893000 	C:\Windows\System32\profapi.dll
0x00007ffedc8c0000 - 0x00007ffedc90a000 	C:\Windows\System32\powrprof.dll
0x00007ffedc840000 - 0x00007ffedc850000 	C:\Windows\System32\UMPDC.dll
0x00007ffedefc0000 - 0x00007ffedf012000 	C:\Windows\System32\shlwapi.dll
0x00007ffedcf80000 - 0x00007ffedcf97000 	C:\Windows\System32\cryptsp.dll
0x00007ffeda4d0000 - 0x00007ffeda4d9000 	C:\Program Files\Java\jdk-11.0.6\bin\management.dll
0x00007ffeda4c0000 - 0x00007ffeda4cc000 	C:\Program Files\Java\jdk-11.0.6\bin\management_ext.dll
0x00007ffec4a10000 - 0x00007ffec4a29000 	C:\Program Files\Java\jdk-11.0.6\bin\net.dll
0x00007ffed1550000 - 0x00007ffed1641000 	C:\Windows\SYSTEM32\WINHTTP.dll
0x00007ffedc050000 - 0x00007ffedc0b7000 	C:\Windows\system32\mswsock.dll
0x00007ffec26f0000 - 0x00007ffec2703000 	C:\Program Files\Java\jdk-11.0.6\bin\nio.dll
0x00007ffec8210000 - 0x00007ffec8226000 	C:\Windows\system32\napinsp.dll
0x00007ffec81f0000 - 0x00007ffec820a000 	C:\Windows\system32\pnrpnsp.dll
0x00007ffedbda0000 - 0x00007ffedbe6a000 	C:\Windows\SYSTEM32\DNSAPI.dll
0x00007ffeddf00000 - 0x00007ffeddf08000 	C:\Windows\System32\NSI.dll
0x00007ffedbd60000 - 0x00007ffedbd9a000 	C:\Windows\SYSTEM32\IPHLPAPI.DLL
0x00007ffecbae0000 - 0x00007ffecbaee000 	C:\Windows\System32\winrnr.dll
0x00007ffed8d40000 - 0x00007ffed8d5c000 	C:\Windows\system32\NLAapi.dll
0x00007ffed7ac0000 - 0x00007ffed7ad5000 	C:\Windows\system32\wshbth.dll
0x00007ffed0cf0000 - 0x00007ffed0cfa000 	C:\Windows\System32\rasadhlp.dll
0x00007ffed3300000 - 0x00007ffed3377000 	C:\Windows\System32\fwpuclnt.dll
0x00007ffedcfa0000 - 0x00007ffedcfc6000 	C:\Windows\System32\bcrypt.dll
0x00007ffedbbc0000 - 0x00007ffedbbf3000 	C:\Windows\system32\rsaenh.dll
0x00007ffedc760000 - 0x00007ffedc785000 	C:\Windows\SYSTEM32\USERENV.dll
0x00007ffedc220000 - 0x00007ffedc22c000 	C:\Windows\SYSTEM32\CRYPTBASE.dll
0x00007ffed32e0000 - 0x00007ffed32f6000 	C:\Windows\SYSTEM32\dhcpcsvc6.DLL
0x00007ffed3b00000 - 0x00007ffed3b1c000 	C:\Windows\SYSTEM32\dhcpcsvc.DLL

dbghelp: loaded successfully - version: 4.0.5 - missing functions: none
symbol engine: initialized successfully - sym options: 0x614 - pdb path: .;C:\Program Files\Java\jdk-11.0.6\bin;C:\Windows\SYSTEM32;C:\Windows\WinSxS\amd64_microsoft.windows.common-controls_6595b64144ccf1df_6.0.18362.720_none_e6beb5c51314836b;C:\Program Files\Java\jdk-11.0.6\bin\server

VM Arguments:
jvm_args: -Dcom.sun.management.jmxremote -Dcom.sun.management.jmxremote.port=51331 -Dcom.sun.management.jmxremote.authenticate=false -Dcom.sun.management.jmxremote.ssl=false -Djava.rmi.server.hostname=localhost -Dspring.jmx.enabled=true -Dspring.application.admin.enabled=true -Xverify:none -XX:TieredStopAtLevel=1 -Dspring.boot.project.name=springboot-ionic-backend -Dfile.encoding=UTF-8 --add-modules=ALL-DEFAULT 
java_command: jdk.compiler/com.sun.tools.javac.launcher.Main src/main/java/com/java/JavaFullstackApplication.java
java_class_path (initial): C:UserselliDocumentsJava Workspacespringboot-ionic-backend	argetclasses;C:Userselli.m2epositoryorgspringframeworkbootspring-boot-starter-web2.2.2.RELEASEspring-boot-starter-web-2.2.2.RELEASE.jar;C:Userselli.m2epositoryorgspringframeworkbootspring-boot-starter2.2.2.RELEASEspring-boot-starter-2.2.2.RELEASE.jar;C:Userselli.m2epositoryorgspringframeworkbootspring-boot-starter-logging2.2.2.RELEASEspring-boot-starter-logging-2.2.2.RELEASE.jar;C:Userselli.m2epositorychqoslogbacklogback-classic1.2.3logback-classic-1.2.3.jar;C:Userselli.m2epositorychqoslogbacklogback-core1.2.3logback-core-1.2.3.jar;C:Userselli.m2epositoryorgapachelogginglog4jlog4j-to-slf4j2.12.1log4j-to-slf4j-2.12.1.jar;C:Userselli.m2epositoryorgapachelogginglog4jlog4j-api2.12.1log4j-api-2.12.1.jar;C:Userselli.m2epositoryorgslf4jjul-to-slf4j1.7.29jul-to-slf4j-1.7.29.jar;C:Userselli.m2epositoryjakartaannotationjakarta.annotation-api1.3.5jakarta.annotation-api-1.3.5.jar;C:Userselli.m2epositoryorgyamlsnakeyaml1.25snakeyaml-1.25.jar;C:Userselli.m2epositoryorgspringframeworkbootspring-boot-starter-json2.2.2.RELEASEspring-boot-starter-json-2.2.2.RELEASE.jar;C:Userselli.m2epositorycomasterxmljacksondatatypejackson-datatype-jdk82.10.1jackson-datatype-jdk8-2.10.1.jar;C:Userselli.m2epositorycomasterxmljacksondatatypejackson-datatype-jsr3102.10.1jackson-datatype-jsr310-2.10.1.jar;C:Userselli.m2epositorycomasterxmljacksonmodulejackson-module-parameter-names2.10.1jackson-module-parameter-names-2.10.1.jar;C:Userselli.m2epositoryorgspringframeworkbootspring-boot-starter-tomcat2.2.2.RELEASEspring-boot-starter-tomcat-2.2.2.RELEASE.jar;C:Userselli.m2epositoryorgapache	omcatembed	omcat-embed-core9.0.29	omcat-embed-core-9.0.29.jar;C:Userselli.m2epositoryorgapache	omcatembed	omcat-embed-el9.0.29	omcat-embed-el-9.0.29.jar;C:Userselli.m2epositoryorgapache	omcatembed	omcat-embed-websocket9.0.29	omcat-embed-websocket-9.0.29.jar;C:Userselli.m2epositoryorgspringfra
Launcher Type: SUN_STANDARD

[Global flags]
     bool BytecodeVerificationLocal                = false                                     {product} {command line}
     bool BytecodeVerificationRemote               = false                                     {product} {command line}
     intx CICompilerCount                          = 3                                         {product} {ergonomic}
     uint ConcGCThreads                            = 1                                         {product} {ergonomic}
     uint G1ConcRefinementThreads                  = 4                                         {product} {ergonomic}
   size_t G1HeapRegionSize                         = 1048576                                   {product} {ergonomic}
    uintx GCDrainStackTargetSize                   = 64                                        {product} {ergonomic}
   size_t InitialHeapSize                          = 167772160                                 {product} {ergonomic}
     bool ManagementServer                         = true                                      {product} {command line}
   size_t MarkStackSize                            = 4194304                                   {product} {ergonomic}
   size_t MaxHeapSize                              = 2652897280                                {product} {ergonomic}
   size_t MaxNewSize                               = 1591738368                                {product} {ergonomic}
   size_t MinHeapDeltaBytes                        = 1048576                                   {product} {ergonomic}
    uintx NonNMethodCodeHeapSize                   = 6973028                                {pd product} {ergonomic}
    uintx NonProfiledCodeHeapSize                  = 244685212                              {pd product} {ergonomic}
    uintx ProfiledCodeHeapSize                     = 0                                      {pd product} {ergonomic}
    uintx ReservedCodeCacheSize                    = 251658240                              {pd product} {ergonomic}
     bool SegmentedCodeCache                       = true                                      {product} {ergonomic}
     intx TieredStopAtLevel                        = 1                                         {product} {command line}
     bool UseCompressedClassPointers               = true                                 {lp64_product} {ergonomic}
     bool UseCompressedOops                        = true                                 {lp64_product} {ergonomic}
     bool UseG1GC                                  = true                                      {product} {ergonomic}
     bool UseLargePagesIndividualAllocation        = false                                  {pd product} {ergonomic}

Logging:
Log output configuration:
 #0: stdout all=warning uptime,level,tags
 #1: stderr all=off uptime,level,tags

Environment Variables:
PATH=C:/Program Files/Java/jdk-11.0.6/bin/server;C:/Program Files/Java/jdk-11.0.6/bin;C:\Windows\system32;C:\Windows;C:\Windows\System32\Wbem;C:\Windows\System32\WindowsPowerShell\v1.0\;C:\Windows\System32\OpenSSH\;C:\Program Files\Microsoft VS Code\bin;C:\Program Files\Git\cmd;C:\Program Files\MySQL\MySQL Shell 8.0\bin\;C:\Users\felli\AppData\Local\Microsoft\WindowsApps;;C:\Windows\system32;
USERNAME=felli
OS=Windows_NT
PROCESSOR_IDENTIFIER=AMD64 Family 23 Model 24 Stepping 1, AuthenticAMD



---------------  S Y S T E M  ---------------

OS: Windows 10 , 64 bit Build 18362 (10.0.18362.329)

CPU:total 4 (initial active 4) (4 cores per cpu, 2 threads per core) family 23 model 24 stepping 1, cmov, cx8, fxsr, mmx, sse, sse2, sse3, ssse3, sse4.1, sse4.2, popcnt, avx, avx2, aes, clmul, mmxext, 3dnowpref, lzcnt, sse4a, ht, tsc, tscinvbit, tscinv, bmi1, bmi2, adx, sha, fma

Memory: 4k page, system-wide physical 10115M (3971M free)
TotalPageFile size 12291M (AvailPageFile size 4133M)
current process WorkingSet (physical memory assigned to process): 81M, peak: 81M
current process commit charge ("private bytes"): 246M, peak: 246M

vm_info: Java HotSpot(TM) 64-Bit Server VM (11.0.6+8-LTS) for windows-amd64 JRE (11.0.6+8-LTS), built on Dec 11 2019 09:17:57 by "mach5one" with MS VC++ 15.5 (VS2017)

END.
